<?xml version="1.0" encoding="UTF-8"?>
<!-- Generated by org.testng.reporters.JUnitReportReporter -->
<testsuite hostname="DESKTOP-45LN0VS" failures="0" tests="3" name="testCases.TestCases" time="39.886" errors="0" timestamp="2023-04-16T21:25:20 IST" skipped="0">
  <testcase classname="testCases.TestCases" name="HospitalPageTest" time="20.343"/>
  <system-out/>
  <testcase classname="testCases.TestCases" name="topCitiesTest" time="7.009"/>
  <system-out/>
  <testcase classname="testCases.TestCases" name="formTest" time="12.534"/>
  <system-out/>
</testsuite> <!-- testCases.TestCases -->
