<?xml version="1.0" encoding="UTF-8"?>
<!-- Generated by org.testng.reporters.JUnitReportReporter -->
<testsuite hostname="DESKTOP-45LN0VS" failures="0" tests="1" name="testCases.FormTest" time="78.093" errors="0" timestamp="2023-03-28T16:45:56 IST" skipped="0">
  <testcase classname="testCases.FormTest" name="writeFormTest" time="78.093"/>
  <system-out/>
</testsuite> <!-- testCases.FormTest -->
