<?xml version="1.0" encoding="UTF-8"?>
<!-- Generated by org.testng.reporters.JUnitReportReporter -->
<testsuite hostname="DESKTOP-45LN0VS" failures="0" tests="1" name="com.cognizant.hackathon.FindingHospitals.AppTest" time="63.415" errors="0" timestamp="2023-03-25T14:28:08 IST" skipped="0">
  <testcase classname="com.cognizant.hackathon.FindingHospitals.AppTest" name="Test" time="63.415"/>
  <system-out/>
</testsuite> <!-- com.cognizant.hackathon.FindingHospitals.AppTest -->
