<?xml version="1.0" encoding="UTF-8"?>
<!-- Generated by org.testng.reporters.JUnitReportReporter -->
<testsuite hostname="DESKTOP-45LN0VS" failures="0" tests="1" name="testCases.SmokeTest" time="17.523" errors="0" timestamp="2023-04-16T21:27:56 IST" skipped="0">
  <testcase classname="testCases.SmokeTest" name="hospitalTest" time="17.523"/>
  <system-out/>
</testsuite> <!-- testCases.SmokeTest -->
